<?xml version="1.0" encoding="UTF-8"?>
<testsuite xmlns:xsi="http://www.w3.org/2001/XMLSchema-instance" xsi:noNamespaceSchemaLocation="https://maven.apache.org/surefire/maven-surefire-plugin/xsd/surefire-test-report.xsd" name="com.messages.unit.MessageServiceTests" time="0.819" tests="5" errors="0" skipped="0" failures="0">
  <properties>
[...]
</properties>
  <testcase name="testUnFollowUser" classname="com.messages.unit.MessageServiceTests" time="0.099"/>
  <testcase name="testSendMessage" classname="com.messages.unit.MessageServiceTests" time="0.006"/>
  <testcase name="testBadSendMessage" classname="com.messages.unit.MessageServiceTests" time="0"/>
  <testcase name="testGetMessages" classname="com.messages.unit.MessageServiceTests" time="0.001"/>
  <testcase name="testFollowUser" classname="com.messages.unit.MessageServiceTests" time="0.001"/>
</testsuite>